[LOG] System::create                           : Header version = 2.01.09. Current version = 2.01.09.
[LOG] Manager::init                            : maxchannels = 256 studioflags = 00000006 flags 00000000 extradriverdata 0000000000000000.
[LOG] SystemI::init                            : Initialize version=20109 (115889), maxchannels=256, flags=0x00020000
[LOG] SystemI::setOutputInternal               : Setting output to 'FMOD WASAPI Output'
[LOG] OutputWASAPI::init                       : Mix Format (WAVEFORMATEX): wFormatTag=0xFFFE, nChannels=2, nSamplesPerSec=48000, nAvgBytesPerSec=384000, nBlockAlign=8, wBitsPerSample=32, cbSize=22.
[LOG] OutputWASAPI::init                       : Mix Format (WAVEFORMATEXTENSIBLE): wValidBitsPerSample=32, dwChannelMask=0x00000003, SubFormat=00000003-0000-0010-8000-00AA00389B71.
[LOG] OutputWASAPI::init                       : Output buffer size: 4096 samples, latency: 0.00ms, period: 10.00ms, DSP buffer: 1024 * 4
[LOG] Thread::initThread                       : Init FMOD stream thread. Affinity: 0x8000000000000003, Priority: 0xFFFF7FFB, Stack Size: 98304, Semaphore: No, Sleep Time: 10, Looping: Yes.
[LOG] Thread::initThread                       : Init FMOD mixer thread. Affinity: 0x8000000000000001, Priority: 0xFFFF7FFA, Stack Size: 81920, Semaphore: No, Sleep Time: 0, Looping: Yes.
[LOG] AsyncManager::init                       : manager 0000025D20111FC8 isAsync 0 updatePeriod 0.02
[LOG] AsyncManager::init                       : done
[LOG] PlaybackSystem::init                     : 
[LOG] Thread::initThread                       : Init FMOD Studio sample load thread. Affinity: 0x8000000000000003, Priority: 0xFFFF7FFD, Stack Size: 98304, Semaphore: No, Sleep Time: 1, Looping: No.
[LOG] PlaybackSystem::init                     : done
[LOG] Thread::initThread                       : Init FMOD Studio bank load thread. Affinity: 0x8000000000000003, Priority: 0xFFFF7FFD, Stack Size: 98304, Semaphore: No, Sleep Time: 1, Looping: No.
[LOG] Manager::init                            : done.
[LOG] Manager::readBank                        : fileversion = 135, compatVersion = 132 (oldest = 44, newest = 135)
[LOG] Manager::readBank                        : fileversion = 135, compatVersion = 132 (oldest = 44, newest = 135)
[LOG] Manager::readBank                        : fileversion = 135, compatVersion = 132 (oldest = 44, newest = 135)
[LOG] SoundI::release                          :  (0000025D2E8142E8)
[LOG] SoundI::release                          :     Spiritsong_SFX_Puzzle2FluteLoop_0713 (0000025C5E5ABFE8)
[LOG] SoundI::release                          :  (0000025D2E812798)
[LOG] SoundI::release                          :     Spiritsong_SFX_Gamelanv1_0706 (0000025C5E33EA68)
[LOG] SoundI::release                          :  (0000025D2E8163F8)
[LOG] SoundI::release                          :     Spiritsong_SFX_Gamelanv2_0706 (0000025C5E343BA8)
[LOG] SoundI::release                          :  (0000025D2E816288)
[LOG] SoundI::release                          :     Spiritsong_SFX_Gamelanv3_0706 (0000025C5E5AC328)
[LOG] SoundI::release                          :  (0000025D2E814458)
[LOG] SoundI::release                          :     Spiritsong_SFX_Gamelanv4_0706 (0000025C5E33E3E8)
[LOG] SoundI::release                          :  (0000025D2E810238)
[LOG] SoundI::release                          :     Spiritsong_SFX_Gamelanv5_0706 (0000025C5E5A9A88)
[LOG] SoundI::release                          :  (0000025D2E812908)
[LOG] SoundI::release                          :     Spiritsong_SFX_WindChimesv1_0706 (0000025C5E3429C8)
[LOG] SoundI::release                          :  (0000025D2E80CA28)
[LOG] SoundI::release                          :     Spiritsong_SFX_WindChimesv2_0706 (0000025C5E5AAE08)
[LOG] SoundI::release                          :  (0000025D2E815428)
[LOG] SoundI::release                          :     Spiritsong_SFX_WindChimesv3_0706 (0000025C5E33FF88)
[LOG] SoundI::release                          :  (0000025D2E80CB98)
[LOG] SoundI::release                          :     Spiritsong_SFX_WindChimesv4_0706 (0000025C5E5AB628)
[LOG] SoundI::release                          : Spiritsong_SFX_ForestAmbienceBase_0706 (0000025C5F144C18)
[LOG] SoundI::release                          :     Spiritsong_SFX_ForestAmbienceBase_0706 (0000025C5E342348)
[LOG] SoundI::release                          :     Spiritsong_SFX_ForestAmbienceBase_0706 (0000025D1EFF6C28)
[LOG] SoundI::release                          : Spiritsong_Mus_TT_0623 (0000025C5F1432C8)
[LOG] SoundI::release                          :     Spiritsong_Mus_TT_0623 (0000025C5E5ADD28)
[LOG] SoundI::release                          :     Spiritsong_Mus_TT_0623 (0000025C5F13F0F8)
[LOG] SoundI::release                          :  (0000025D2E814178)
[LOG] SoundI::release                          :     Spiritsong_SFX_FingerCymv1_0706 (0000025C5E5A95A8)
[LOG] SoundI::release                          :  (0000025D2E8145C8)
[LOG] SoundI::release                          :     Spiritsong_SFX_FingerCymv2_0706 (0000025C5E5AC4C8)
[LOG] SoundI::release                          :  (0000025D2E8148A8)
[LOG] SoundI::release                          :     Spiritsong_SFX_FingerCymv3_0706 (0000025C5E5AE548)
[LOG] SoundI::release                          :  (0000025D2E80FDE8)
[LOG] SoundI::release                          :     Spiritsong_SFX_FingerCymv4_0706 (0000025C5E5ADEC8)
[LOG] SoundI::release                          :  (0000025D2E814A18)
[LOG] SoundI::release                          :     Spiritsong_SFX_FingerCymv5_0706 (0000025C5E5AB7C8)
[LOG] SoundI::release                          :  (0000025D2E8114E8)
[LOG] SoundI::release                          :     Spiritsong_SFX_FingerCymv6_0706 (0000025C5E5AB148)
[LOG] SoundI::release                          :  (0000025D2E8117C8)
[LOG] SoundI::release                          :     Spiritsong_SFX_FingerCymv7_0706 (0000025C5E5AE068)
[LOG] Thread::callback                         : FMOD Studio update thread finished.
[LOG] Thread::callback                         : FMOD Studio bank load thread finished.
[LOG] Profile::disconnectAll                   : Profiler disconnecting all clients
[LOG] Thread::callback                         : FMOD Studio sample load thread finished.
[LOG] LiveUpdate::release                      : 
[LOG] LiveUpdate::reset                        : Reset connection (reason Disconnected)
[LOG] Thread::callback                         : FMOD stream thread finished.
[LOG] Thread::callback                         : FMOD mixer thread finished.
[LOG] Profile::disconnectAll                   : Profiler disconnecting all clients
[LOG] SystemI::close                           : Closed.
