Using pre-set license
Built from '2020.3/staging' branch; Version is '2020.3.10f1 (297d780c91bc) revision 2719096'; Using compiler version '192528614'; Build Type 'Release'
OS: 'Windows 10 Home; OS build 19041.1; Version 2004; 64bit' Language: 'en' Physical Memory: 15303 MB
BatchMode: 1, IsHumanControllingUs: 0, StartBugReporterOnCrash: 0, Is64bit: 1, IsPro: 0

 COMMAND LINE ARGUMENTS:
C:\Program Files\Unity\Hub\Editor\2020.3.10f1\Editor\Unity.exe
-adb2
-batchMode
-noUpm
-name
AssetImportWorker0
-projectPath
C:/Users/Grady/Desktop/RadStudio/RadTeam_1/Spiritsong
-logFile
Logs/AssetImportWorker0.log
-srvPort
51204
Successfully changed project path to: C:/Users/Grady/Desktop/RadStudio/RadTeam_1/Spiritsong
C:/Users/Grady/Desktop/RadStudio/RadTeam_1/Spiritsong
Using Asset Import Pipeline V2.
Refreshing native plugins compatible for Editor in 64.09 ms, found 2 plugins.
Preloading 0 native plugins for Editor in 0.00 ms.
Initialize engine version: 2020.3.10f1 (297d780c91bc)
[Subsystems] Discovering subsystems at path C:/Program Files/Unity/Hub/Editor/2020.3.10f1/Editor/Data/Resources/UnitySubsystems
[Subsystems] Discovering subsystems at path C:/Users/Grady/Desktop/RadStudio/RadTeam_1/Spiritsong/Assets
GfxDevice: creating device client; threaded=0
Direct3D:
    Version:  Direct3D 11.0 [level 11.1]
    Renderer: AMD Radeon R7 200 Series (ID=0x6613)
    Vendor:   
    VRAM:     2028 MB
    Driver:   27.20.1034.6
Initialize mono
Mono path[0] = 'C:/Program Files/Unity/Hub/Editor/2020.3.10f1/Editor/Data/Managed'
Mono path[1] = 'C:/Program Files/Unity/Hub/Editor/2020.3.10f1/Editor/Data/MonoBleedingEdge/lib/mono/unityjit'
Mono config path = 'C:/Program Files/Unity/Hub/Editor/2020.3.10f1/Editor/Data/MonoBleedingEdge/etc'
Using monoOptions --debugger-agent=transport=dt_socket,embedding=1,server=y,suspend=n,address=127.0.0.1:56188
Begin MonoManager ReloadAssembly
Registering precompiled unity dll's ...
Register platform support module: C:/Program Files/Unity/Hub/Editor/2020.3.10f1/Editor/Data/PlaybackEngines/WindowsStandaloneSupport/UnityEditor.WindowsStandalone.Extensions.dll
Registered in 0.003859 seconds.
Native extension for WindowsStandalone target not found
Refreshing native plugins compatible for Editor in 57.33 ms, found 2 plugins.
Preloading 0 native plugins for Editor in 0.00 ms.
Mono: successfully reloaded assembly
- Completed reload, in  1.917 seconds
Platform modules already initialized, skipping
Registering precompiled user dll's ...
Registered in 0.017404 seconds.
Begin MonoManager ReloadAssembly
Native extension for WindowsStandalone target not found
Refreshing native plugins compatible for Editor in 60.78 ms, found 2 plugins.
Preloading 0 native plugins for Editor in 0.00 ms.
Mono: successfully reloaded assembly
- Completed reload, in  1.920 seconds
Platform modules already initialized, skipping
========================================================================
Worker process is ready to serve import requests
Launched and connected shader compiler UnityShaderCompiler.exe after 0.08 seconds
Refreshing native plugins compatible for Editor in 0.71 ms, found 2 plugins.
Preloading 0 native plugins for Editor in 0.00 ms.
Unloading 1784 Unused Serialized files (Serialized files now loaded: 0)
System memory in use before: 78.8 MB.
System memory in use after: 78.9 MB.

Unloading 31 unused Assets to reduce memory usage. Loaded Objects now: 2209.
Total: 3.923400 ms (FindLiveObjects: 0.427200 ms CreateObjectMapping: 0.251000 ms MarkObjects: 3.088500 ms  DeleteObjects: 0.154000 ms)

========================================================================
Received Import Request.
  path: Assets/Scenes
  artifactKey: Guid(6e7e3b08ee520614a94b837490090b7f) Importer(815301076,1909f56bfc062723c751e8b465ee728b)
Start importing Assets/Scenes using Guid(6e7e3b08ee520614a94b837490090b7f) Importer(815301076,1909f56bfc062723c751e8b465ee728b)  -> (artifact id: 'e2b932ed27a992a6cc5836c41025612b') in 0.018527 seconds
  Import took 0.023159 seconds .

========================================================================
Received Import Request.
  Time since last request: 6.452926 seconds.
  path: Assets/Scenes/MovementTest.unity
  artifactKey: Guid(ba73ae39338fdad47ade04e9ddd96f69) Importer(815301076,1909f56bfc062723c751e8b465ee728b)
Start importing Assets/Scenes/MovementTest.unity using Guid(ba73ae39338fdad47ade04e9ddd96f69) Importer(815301076,1909f56bfc062723c751e8b465ee728b)  -> (artifact id: '18c28a520324e6964d53133847e20aa8') in 0.032778 seconds
  Import took 0.037252 seconds .

========================================================================
Received Import Request.
  Time since last request: 104.977063 seconds.
  path: Assets/Plugins/Febucci/Text Animator/Example/Font/Lato-Regular.asset
  artifactKey: Guid(1ffb8c3515fb6dc4688eff5a7e48200f) Importer(815301076,1909f56bfc062723c751e8b465ee728b)
Start importing Assets/Plugins/Febucci/Text Animator/Example/Font/Lato-Regular.asset using Guid(1ffb8c3515fb6dc4688eff5a7e48200f) Importer(815301076,1909f56bfc062723c751e8b465ee728b)  -> (artifact id: '77aaab423df5f7387769a35063d73861') in 0.357594 seconds
  Import took 0.362526 seconds .

========================================================================
Received Import Request.
  Time since last request: 0.000378 seconds.
  path: Assets/Plugins/Febucci/Text Animator/Example/Font/Lato-Regular.ttf
  artifactKey: Guid(49342641ea2b7e6429da3245744bb92b) Importer(815301076,1909f56bfc062723c751e8b465ee728b)
Start importing Assets/Plugins/Febucci/Text Animator/Example/Font/Lato-Regular.ttf using Guid(49342641ea2b7e6429da3245744bb92b) Importer(815301076,1909f56bfc062723c751e8b465ee728b)  -> (artifact id: 'd53382de2173dd518d91c7ee833a41c6') in 0.042300 seconds
  Import took 0.047463 seconds .

========================================================================
Received Import Request.
  Time since last request: 39.758657 seconds.
  path: Assets
  artifactKey: Guid(00000000000000001000000000000000) Importer(815301076,1909f56bfc062723c751e8b465ee728b)
Start importing Assets using Guid(00000000000000001000000000000000) Importer(815301076,1909f56bfc062723c751e8b465ee728b)  -> (artifact id: '42d402b061de3733987d63b9cc3b64de') in 0.014890 seconds
  Import took 0.024230 seconds .

========================================================================
Received Import Request.
  Time since last request: 50.987580 seconds.
  path: Assets/Materials
  artifactKey: Guid(e0274fda956cce44dac9e830c5bf696f) Importer(815301076,1909f56bfc062723c751e8b465ee728b)
Start importing Assets/Materials using Guid(e0274fda956cce44dac9e830c5bf696f) Importer(815301076,1909f56bfc062723c751e8b465ee728b)  -> (artifact id: 'a92e410fc7c53c247c72cd4b9175d23c') in 0.043757 seconds
  Import took 0.059080 seconds .

========================================================================
Received Import Request.
  Time since last request: 10.326309 seconds.
  path: Assets/Materials/Floor_Mat.mat
  artifactKey: Guid(fff4cb8325ae1fa468c192ffcf1a2de0) Importer(815301076,1909f56bfc062723c751e8b465ee728b)
Start importing Assets/Materials/Floor_Mat.mat using Guid(fff4cb8325ae1fa468c192ffcf1a2de0) Importer(815301076,1909f56bfc062723c751e8b465ee728b)  -> (artifact id: 'a2cd09d6e618d7b478ef3710d2dc76cb') in 0.048134 seconds
  Import took 0.054528 seconds .

========================================================================
Received Prepare
Registering precompiled user dll's ...
Registered in 0.020649 seconds.
Begin MonoManager ReloadAssembly
Native extension for WindowsStandalone target not found
Refreshing native plugins compatible for Editor in 0.80 ms, found 2 plugins.
Preloading 0 native plugins for Editor in 0.00 ms.
Mono: successfully reloaded assembly
- Completed reload, in  2.145 seconds
Platform modules already initialized, skipping
Refreshing native plugins compatible for Editor in 0.96 ms, found 2 plugins.
Preloading 0 native plugins for Editor in 0.00 ms.
Unloading 1779 Unused Serialized files (Serialized files now loaded: 0)
System memory in use before: 82.4 MB.
System memory in use after: 82.5 MB.

Unloading 24 unused Assets to reduce memory usage. Loaded Objects now: 2256.
Total: 5.078400 ms (FindLiveObjects: 0.733300 ms CreateObjectMapping: 0.253000 ms MarkObjects: 3.989200 ms  DeleteObjects: 0.101100 ms)

========================================================================
Received Import Request.
  Time since last request: 786.398485 seconds.
  path: Assets/Input
  artifactKey: Guid(ba5a9cf65f404644888b21804257c790) Importer(815301076,1909f56bfc062723c751e8b465ee728b)
Start importing Assets/Input using Guid(ba5a9cf65f404644888b21804257c790) Importer(815301076,1909f56bfc062723c751e8b465ee728b)  -> (artifact id: '1d4e2cb65a2f8a67825143709b05bacb') in 0.019235 seconds
  Import took 0.024404 seconds .

========================================================================
Received Import Request.
  Time since last request: 17.228236 seconds.
  path: Assets/Input/PlayerMovement.inputactions
  artifactKey: Guid(c4fc2b75b1846a44a98065fc49fd8613) Importer(815301076,1909f56bfc062723c751e8b465ee728b)
Start importing Assets/Input/PlayerMovement.inputactions using Guid(c4fc2b75b1846a44a98065fc49fd8613) Importer(815301076,1909f56bfc062723c751e8b465ee728b)  -> (artifact id: '8868c859c20df06167b75891b5ee65ef') in 0.048388 seconds
  Import took 0.054636 seconds .

========================================================================
Received Import Request.
  Time since last request: 19.064806 seconds.
  path: Assets/Input/PlayerMovement.inputactions
  artifactKey: Guid(c4fc2b75b1846a44a98065fc49fd8613) Importer(815301076,1909f56bfc062723c751e8b465ee728b)
Start importing Assets/Input/PlayerMovement.inputactions using Guid(c4fc2b75b1846a44a98065fc49fd8613) Importer(815301076,1909f56bfc062723c751e8b465ee728b)  -> (artifact id: 'cea70224ec9b179cab1ac9fc4d6e8d44') in 0.022175 seconds
  Import took 0.027085 seconds .

========================================================================
Received Import Request.
  Time since last request: 14.706274 seconds.
  path: Assets/Input/PlayerMovement.inputactions
  artifactKey: Guid(c4fc2b75b1846a44a98065fc49fd8613) Importer(815301076,1909f56bfc062723c751e8b465ee728b)
Start importing Assets/Input/PlayerMovement.inputactions using Guid(c4fc2b75b1846a44a98065fc49fd8613) Importer(815301076,1909f56bfc062723c751e8b465ee728b)  -> (artifact id: '4c154e967b5ae6ce3c7510842c02eb0e') in 0.015355 seconds
  Import took 0.021329 seconds .

========================================================================
Received Import Request.
  Time since last request: 29.777206 seconds.
  path: Assets/Input/PlayerMovement.inputactions
  artifactKey: Guid(c4fc2b75b1846a44a98065fc49fd8613) Importer(815301076,1909f56bfc062723c751e8b465ee728b)
Start importing Assets/Input/PlayerMovement.inputactions using Guid(c4fc2b75b1846a44a98065fc49fd8613) Importer(815301076,1909f56bfc062723c751e8b465ee728b)  -> (artifact id: '58b6ee4f1d32e06f7ee3f9a784513b00') in 0.014720 seconds
  Import took 0.019979 seconds .

========================================================================
Received Import Request.
  Time since last request: 4.502355 seconds.
  path: Assets/Input/PlayerMovement.inputactions
  artifactKey: Guid(c4fc2b75b1846a44a98065fc49fd8613) Importer(815301076,1909f56bfc062723c751e8b465ee728b)
Start importing Assets/Input/PlayerMovement.inputactions using Guid(c4fc2b75b1846a44a98065fc49fd8613) Importer(815301076,1909f56bfc062723c751e8b465ee728b)  -> (artifact id: 'bc31cc1710b58310fb274f57901d94a6') in 0.016333 seconds
  Import took 0.021173 seconds .

========================================================================
Received Import Request.
  Time since last request: 2.867689 seconds.
  path: Assets/Input/PlayerMovement.inputactions
  artifactKey: Guid(c4fc2b75b1846a44a98065fc49fd8613) Importer(815301076,1909f56bfc062723c751e8b465ee728b)
Start importing Assets/Input/PlayerMovement.inputactions using Guid(c4fc2b75b1846a44a98065fc49fd8613) Importer(815301076,1909f56bfc062723c751e8b465ee728b)  -> (artifact id: 'e99461f41ebea824a01ed22d7d9b09d9') in 0.014032 seconds
  Import took 0.020449 seconds .

========================================================================
Received Import Request.
  Time since last request: 15.165679 seconds.
  path: Assets/Input/PlayerMovement.inputactions
  artifactKey: Guid(c4fc2b75b1846a44a98065fc49fd8613) Importer(815301076,1909f56bfc062723c751e8b465ee728b)
Start importing Assets/Input/PlayerMovement.inputactions using Guid(c4fc2b75b1846a44a98065fc49fd8613) Importer(815301076,1909f56bfc062723c751e8b465ee728b)  -> (artifact id: 'dc6846a4d79aaa929575c34d1eb73e54') in 0.013777 seconds
  Import took 0.018543 seconds .

========================================================================
Received Import Request.
  Time since last request: 0.002959 seconds.
  path: Assets/Input/PlayerMovement.inputactions
  artifactKey: Guid(c4fc2b75b1846a44a98065fc49fd8613) Importer(815301076,1909f56bfc062723c751e8b465ee728b)
Start importing Assets/Input/PlayerMovement.inputactions using Guid(c4fc2b75b1846a44a98065fc49fd8613) Importer(815301076,1909f56bfc062723c751e8b465ee728b)  -> (artifact id: 'dc6846a4d79aaa929575c34d1eb73e54') in 0.010488 seconds
  Import took 0.015263 seconds .

========================================================================
Received Import Request.
  Time since last request: 10.794194 seconds.
  path: Assets/Input/PlayerMovement.inputactions
  artifactKey: Guid(c4fc2b75b1846a44a98065fc49fd8613) Importer(815301076,1909f56bfc062723c751e8b465ee728b)
Start importing Assets/Input/PlayerMovement.inputactions using Guid(c4fc2b75b1846a44a98065fc49fd8613) Importer(815301076,1909f56bfc062723c751e8b465ee728b)  -> (artifact id: '8457f24b4e045e39cec6cbe253853bfc') in 0.012780 seconds
  Import took 0.017549 seconds .

========================================================================
Received Import Request.
  Time since last request: 4.169056 seconds.
  path: Assets/Input/PlayerMovement.inputactions
  artifactKey: Guid(c4fc2b75b1846a44a98065fc49fd8613) Importer(815301076,1909f56bfc062723c751e8b465ee728b)
Start importing Assets/Input/PlayerMovement.inputactions using Guid(c4fc2b75b1846a44a98065fc49fd8613) Importer(815301076,1909f56bfc062723c751e8b465ee728b)  -> (artifact id: '951cf38fc4699f630aed7ac77283f356') in 0.013213 seconds
  Import took 0.018739 seconds .

========================================================================
Received Import Request.
  Time since last request: 0.001198 seconds.
  path: Assets/Input/PlayerMovement.inputactions
  artifactKey: Guid(c4fc2b75b1846a44a98065fc49fd8613) Importer(815301076,1909f56bfc062723c751e8b465ee728b)
Start importing Assets/Input/PlayerMovement.inputactions using Guid(c4fc2b75b1846a44a98065fc49fd8613) Importer(815301076,1909f56bfc062723c751e8b465ee728b)  -> (artifact id: '951cf38fc4699f630aed7ac77283f356') in 0.012781 seconds
  Import took 0.018283 seconds .

========================================================================
Received Import Request.
  Time since last request: 6.912979 seconds.
  path: Assets/Input/PlayerMovement.inputactions
  artifactKey: Guid(c4fc2b75b1846a44a98065fc49fd8613) Importer(815301076,1909f56bfc062723c751e8b465ee728b)
Start importing Assets/Input/PlayerMovement.inputactions using Guid(c4fc2b75b1846a44a98065fc49fd8613) Importer(815301076,1909f56bfc062723c751e8b465ee728b)  -> (artifact id: 'a5b55c25d59773a6e676bf9f338cbe48') in 0.015042 seconds
  Import took 0.019663 seconds .

========================================================================
Received Import Request.
  Time since last request: 0.006247 seconds.
  path: Assets/Input/PlayerMovement.inputactions
  artifactKey: Guid(c4fc2b75b1846a44a98065fc49fd8613) Importer(815301076,1909f56bfc062723c751e8b465ee728b)
Start importing Assets/Input/PlayerMovement.inputactions using Guid(c4fc2b75b1846a44a98065fc49fd8613) Importer(815301076,1909f56bfc062723c751e8b465ee728b)  -> (artifact id: 'a5b55c25d59773a6e676bf9f338cbe48') in 0.013344 seconds
  Import took 0.019411 seconds .

========================================================================
Received Import Request.
  Time since last request: 4.095757 seconds.
  path: Assets/Input/PlayerMovement.inputactions
  artifactKey: Guid(c4fc2b75b1846a44a98065fc49fd8613) Importer(815301076,1909f56bfc062723c751e8b465ee728b)
Start importing Assets/Input/PlayerMovement.inputactions using Guid(c4fc2b75b1846a44a98065fc49fd8613) Importer(815301076,1909f56bfc062723c751e8b465ee728b)  -> (artifact id: '78183248a847d39c9bde1ea216f2cc84') in 0.013311 seconds
  Import took 0.019185 seconds .

========================================================================
Received Import Request.
  Time since last request: 7.862149 seconds.
  path: Assets/Input/PlayerMovement.inputactions
  artifactKey: Guid(c4fc2b75b1846a44a98065fc49fd8613) Importer(815301076,1909f56bfc062723c751e8b465ee728b)
Start importing Assets/Input/PlayerMovement.inputactions using Guid(c4fc2b75b1846a44a98065fc49fd8613) Importer(815301076,1909f56bfc062723c751e8b465ee728b)  -> (artifact id: '41f8a5655e17fcc4cbf15e573e65e47e') in 0.016374 seconds
  Import took 0.023455 seconds .

========================================================================
Received Import Request.
  Time since last request: 28.977095 seconds.
  path: Assets/Input/PlayerMovement.inputactions
  artifactKey: Guid(c4fc2b75b1846a44a98065fc49fd8613) Importer(815301076,1909f56bfc062723c751e8b465ee728b)
Start importing Assets/Input/PlayerMovement.inputactions using Guid(c4fc2b75b1846a44a98065fc49fd8613) Importer(815301076,1909f56bfc062723c751e8b465ee728b)  -> (artifact id: 'd7761cd1b5b1b6197e56fc0b3121dee7') in 0.015187 seconds
  Import took 0.020089 seconds .

========================================================================
Received Import Request.
  Time since last request: 10.339897 seconds.
  path: Assets/Input/PlayerMovement.inputactions
  artifactKey: Guid(c4fc2b75b1846a44a98065fc49fd8613) Importer(815301076,1909f56bfc062723c751e8b465ee728b)
Start importing Assets/Input/PlayerMovement.inputactions using Guid(c4fc2b75b1846a44a98065fc49fd8613) Importer(815301076,1909f56bfc062723c751e8b465ee728b)  -> (artifact id: 'd20e45cc8208f0ce87988defd3bcf658') in 0.014693 seconds
  Import took 0.019480 seconds .

========================================================================
Received Import Request.
  Time since last request: 0.003811 seconds.
  path: Assets/Input/PlayerMovement.inputactions
  artifactKey: Guid(c4fc2b75b1846a44a98065fc49fd8613) Importer(815301076,1909f56bfc062723c751e8b465ee728b)
Start importing Assets/Input/PlayerMovement.inputactions using Guid(c4fc2b75b1846a44a98065fc49fd8613) Importer(815301076,1909f56bfc062723c751e8b465ee728b)  -> (artifact id: 'd20e45cc8208f0ce87988defd3bcf658') in 0.007804 seconds
  Import took 0.013589 seconds .

========================================================================
Received Import Request.
  Time since last request: 30.738277 seconds.
  path: Assets/Input/PlayerMovement.inputactions
  artifactKey: Guid(c4fc2b75b1846a44a98065fc49fd8613) Importer(815301076,1909f56bfc062723c751e8b465ee728b)
Start importing Assets/Input/PlayerMovement.inputactions using Guid(c4fc2b75b1846a44a98065fc49fd8613) Importer(815301076,1909f56bfc062723c751e8b465ee728b)  -> (artifact id: 'f9f88f6a69704cd221a5af9a4edf21a6') in 0.009165 seconds
  Import took 0.015294 seconds .

========================================================================
Received Import Request.
  Time since last request: 6.162923 seconds.
  path: Assets/Input/PlayerMovement.inputactions
  artifactKey: Guid(c4fc2b75b1846a44a98065fc49fd8613) Importer(815301076,1909f56bfc062723c751e8b465ee728b)
Start importing Assets/Input/PlayerMovement.inputactions using Guid(c4fc2b75b1846a44a98065fc49fd8613) Importer(815301076,1909f56bfc062723c751e8b465ee728b)  -> (artifact id: '987231362eff72e5ad163c593e8360f1') in 0.018919 seconds
  Import took 0.025257 seconds .

========================================================================
Received Import Request.
  Time since last request: 5.264457 seconds.
  path: Assets/Input/PlayerMovement.inputactions
  artifactKey: Guid(c4fc2b75b1846a44a98065fc49fd8613) Importer(815301076,1909f56bfc062723c751e8b465ee728b)
Start importing Assets/Input/PlayerMovement.inputactions using Guid(c4fc2b75b1846a44a98065fc49fd8613) Importer(815301076,1909f56bfc062723c751e8b465ee728b)  -> (artifact id: '8c2b06b713b9d78e216046df48ed507d') in 0.015631 seconds
  Import took 0.021120 seconds .

========================================================================
Received Import Request.
  Time since last request: 0.002740 seconds.
  path: Assets/Input/PlayerMovement.inputactions
  artifactKey: Guid(c4fc2b75b1846a44a98065fc49fd8613) Importer(815301076,1909f56bfc062723c751e8b465ee728b)
Start importing Assets/Input/PlayerMovement.inputactions using Guid(c4fc2b75b1846a44a98065fc49fd8613) Importer(815301076,1909f56bfc062723c751e8b465ee728b)  -> (artifact id: '8c2b06b713b9d78e216046df48ed507d') in 0.016184 seconds
  Import took 0.021903 seconds .

========================================================================
Received Import Request.
  Time since last request: 3.985625 seconds.
  path: Assets/Input/PlayerMovement.inputactions
  artifactKey: Guid(c4fc2b75b1846a44a98065fc49fd8613) Importer(815301076,1909f56bfc062723c751e8b465ee728b)
Start importing Assets/Input/PlayerMovement.inputactions using Guid(c4fc2b75b1846a44a98065fc49fd8613) Importer(815301076,1909f56bfc062723c751e8b465ee728b)  -> (artifact id: '039296818552b7b3fc977b64f39f41ac') in 0.015544 seconds
  Import took 0.020647 seconds .

========================================================================
Received Import Request.
  Time since last request: 0.003126 seconds.
  path: Assets/Input/PlayerMovement.inputactions
  artifactKey: Guid(c4fc2b75b1846a44a98065fc49fd8613) Importer(815301076,1909f56bfc062723c751e8b465ee728b)
Start importing Assets/Input/PlayerMovement.inputactions using Guid(c4fc2b75b1846a44a98065fc49fd8613) Importer(815301076,1909f56bfc062723c751e8b465ee728b)  -> (artifact id: '039296818552b7b3fc977b64f39f41ac') in 0.011319 seconds
  Import took 0.019109 seconds .

========================================================================
Received Import Request.
  Time since last request: 3.373585 seconds.
  path: Assets/Input/PlayerMovement.inputactions
  artifactKey: Guid(c4fc2b75b1846a44a98065fc49fd8613) Importer(815301076,1909f56bfc062723c751e8b465ee728b)
Start importing Assets/Input/PlayerMovement.inputactions using Guid(c4fc2b75b1846a44a98065fc49fd8613) Importer(815301076,1909f56bfc062723c751e8b465ee728b)  -> (artifact id: '033ce1a6675b3bc71212386a93115783') in 0.025084 seconds
  Import took 0.034122 seconds .

========================================================================
Received Import Request.
  Time since last request: 7.620128 seconds.
  path: Assets/Input/PlayerMovement.inputactions
  artifactKey: Guid(c4fc2b75b1846a44a98065fc49fd8613) Importer(815301076,1909f56bfc062723c751e8b465ee728b)
Start importing Assets/Input/PlayerMovement.inputactions using Guid(c4fc2b75b1846a44a98065fc49fd8613) Importer(815301076,1909f56bfc062723c751e8b465ee728b)  -> (artifact id: '13b3c69b6f81f23234db01405548a01c') in 0.015513 seconds
  Import took 0.020564 seconds .

========================================================================
Received Import Request.
  Time since last request: 0.003414 seconds.
  path: Assets/Input/PlayerMovement.inputactions
  artifactKey: Guid(c4fc2b75b1846a44a98065fc49fd8613) Importer(815301076,1909f56bfc062723c751e8b465ee728b)
Start importing Assets/Input/PlayerMovement.inputactions using Guid(c4fc2b75b1846a44a98065fc49fd8613) Importer(815301076,1909f56bfc062723c751e8b465ee728b)  -> (artifact id: '13b3c69b6f81f23234db01405548a01c') in 0.007855 seconds
  Import took 0.016431 seconds .

========================================================================
Received Import Request.
  Time since last request: 4.374656 seconds.
  path: Assets/Input/PlayerMovement.inputactions
  artifactKey: Guid(c4fc2b75b1846a44a98065fc49fd8613) Importer(815301076,1909f56bfc062723c751e8b465ee728b)
Start importing Assets/Input/PlayerMovement.inputactions using Guid(c4fc2b75b1846a44a98065fc49fd8613) Importer(815301076,1909f56bfc062723c751e8b465ee728b)  -> (artifact id: 'c0f9953bbd21b87355fea7305abf0748') in 0.014489 seconds
  Import took 0.020733 seconds .

========================================================================
Received Import Request.
  Time since last request: 6.469830 seconds.
  path: Assets/Input/PlayerMovement.inputactions
  artifactKey: Guid(c4fc2b75b1846a44a98065fc49fd8613) Importer(815301076,1909f56bfc062723c751e8b465ee728b)
Start importing Assets/Input/PlayerMovement.inputactions using Guid(c4fc2b75b1846a44a98065fc49fd8613) Importer(815301076,1909f56bfc062723c751e8b465ee728b)  -> (artifact id: '0ebcb2869d14d38d796e62b3cddfb898') in 0.010110 seconds
  Import took 0.016873 seconds .

========================================================================
Received Import Request.
  Time since last request: 0.036186 seconds.
  path: Assets/Input/PlayerMovement.inputactions
  artifactKey: Guid(c4fc2b75b1846a44a98065fc49fd8613) Importer(815301076,1909f56bfc062723c751e8b465ee728b)
Start importing Assets/Input/PlayerMovement.inputactions using Guid(c4fc2b75b1846a44a98065fc49fd8613) Importer(815301076,1909f56bfc062723c751e8b465ee728b)  -> (artifact id: '0ebcb2869d14d38d796e62b3cddfb898') in 0.020655 seconds
  Import took 0.025928 seconds .

========================================================================
Received Import Request.
  Time since last request: 3.332423 seconds.
  path: Assets/Input/PlayerMovement.inputactions
  artifactKey: Guid(c4fc2b75b1846a44a98065fc49fd8613) Importer(815301076,1909f56bfc062723c751e8b465ee728b)
Start importing Assets/Input/PlayerMovement.inputactions using Guid(c4fc2b75b1846a44a98065fc49fd8613) Importer(815301076,1909f56bfc062723c751e8b465ee728b)  -> (artifact id: '84a2fc8d4dbc483a27bc84533bbbbad7') in 0.015037 seconds
  Import took 0.021166 seconds .

========================================================================
Received Import Request.
  Time since last request: 16.538640 seconds.
  path: Assets/Input/PlayerMovement.inputactions
  artifactKey: Guid(c4fc2b75b1846a44a98065fc49fd8613) Importer(815301076,1909f56bfc062723c751e8b465ee728b)
Start importing Assets/Input/PlayerMovement.inputactions using Guid(c4fc2b75b1846a44a98065fc49fd8613) Importer(815301076,1909f56bfc062723c751e8b465ee728b)  -> (artifact id: 'af4cc8034dcde27a060ce3d320ee30dd') in 0.016232 seconds
  Import took 0.023049 seconds .

