Using pre-set license
Built from '2020.3/staging' branch; Version is '2020.3.10f1 (297d780c91bc) revision 2719096'; Using compiler version '192528614'; Build Type 'Release'
OS: 'Windows 10 Home; OS build 19041.985; Version 2004; 64bit' Language: 'en' Physical Memory: 16341 MB
BatchMode: 1, IsHumanControllingUs: 0, StartBugReporterOnCrash: 0, Is64bit: 1, IsPro: 0

 COMMAND LINE ARGUMENTS:
D:\2020.3.10f1\Editor\Unity.exe
-adb2
-batchMode
-noUpm
-name
AssetImportWorker0
-projectPath
G:/Rad Studio 2021/RadTeam_1/Spiritsong
-logFile
Logs/AssetImportWorker0.log
-srvPort
52321
Successfully changed project path to: G:/Rad Studio 2021/RadTeam_1/Spiritsong
G:/Rad Studio 2021/RadTeam_1/Spiritsong
Using Asset Import Pipeline V2.
Refreshing native plugins compatible for Editor in 32.08 ms, found 2 plugins.
Preloading 0 native plugins for Editor in 0.00 ms.
Initialize engine version: 2020.3.10f1 (297d780c91bc)
[Subsystems] Discovering subsystems at path D:/2020.3.10f1/Editor/Data/Resources/UnitySubsystems
[Subsystems] Discovering subsystems at path G:/Rad Studio 2021/RadTeam_1/Spiritsong/Assets
GfxDevice: creating device client; threaded=0
Direct3D:
    Version:  Direct3D 11.0 [level 11.1]
    Renderer: NVIDIA GeForce GTX 1060 6GB (ID=0x1c03)
    Vendor:   
    VRAM:     6052 MB
    Driver:   27.21.14.6079
Initialize mono
Mono path[0] = 'D:/2020.3.10f1/Editor/Data/Managed'
Mono path[1] = 'D:/2020.3.10f1/Editor/Data/MonoBleedingEdge/lib/mono/unityjit'
Mono config path = 'D:/2020.3.10f1/Editor/Data/MonoBleedingEdge/etc'
Using monoOptions --debugger-agent=transport=dt_socket,embedding=1,server=y,suspend=n,address=127.0.0.1:56940
Begin MonoManager ReloadAssembly
Registering precompiled unity dll's ...
Register platform support module: D:/2020.3.10f1/Editor/Data/PlaybackEngines/WindowsStandaloneSupport/UnityEditor.WindowsStandalone.Extensions.dll
Registered in 0.001455 seconds.
Native extension for WindowsStandalone target not found
Refreshing native plugins compatible for Editor in 29.22 ms, found 2 plugins.
Preloading 0 native plugins for Editor in 0.00 ms.
Mono: successfully reloaded assembly
- Completed reload, in  1.246 seconds
Platform modules already initialized, skipping
Registering precompiled user dll's ...
Registered in 0.008934 seconds.
Begin MonoManager ReloadAssembly
Native extension for WindowsStandalone target not found
Refreshing native plugins compatible for Editor in 28.12 ms, found 2 plugins.
Preloading 0 native plugins for Editor in 0.00 ms.
Mono: successfully reloaded assembly
- Completed reload, in  1.163 seconds
Platform modules already initialized, skipping
========================================================================
Worker process is ready to serve import requests
Launched and connected shader compiler UnityShaderCompiler.exe after 0.08 seconds
Refreshing native plugins compatible for Editor in 0.34 ms, found 2 plugins.
Preloading 0 native plugins for Editor in 0.00 ms.
Unloading 1419 Unused Serialized files (Serialized files now loaded: 0)
System memory in use before: 65.5 MB.
System memory in use after: 65.6 MB.

Unloading 28 unused Assets to reduce memory usage. Loaded Objects now: 1843.
Total: 2.099000 ms (FindLiveObjects: 0.176300 ms CreateObjectMapping: 0.051700 ms MarkObjects: 1.789200 ms  DeleteObjects: 0.080300 ms)

========================================================================
Received Import Request.
  path: Assets/YarnSpinner/Editor/YarnSpinner.Unity.Editor.asmdef
  artifactKey: Guid(3a299c53e4c683b4eb4a04c9ad9e648f) Importer(815301076,1909f56bfc062723c751e8b465ee728b)
Start importing Assets/YarnSpinner/Editor/YarnSpinner.Unity.Editor.asmdef using Guid(3a299c53e4c683b4eb4a04c9ad9e648f) Importer(815301076,1909f56bfc062723c751e8b465ee728b)  -> (artifact id: 'a841bd25f4896e5b12ba68cb48e5e5dd') in 0.072167 seconds
  Import took 0.074423 seconds .

========================================================================
Received Import Request.
  Time since last request: 0.000274 seconds.
  path: Assets/YarnSpinner
  artifactKey: Guid(ecd386d17f7784c71ab089701dd0a465) Importer(815301076,1909f56bfc062723c751e8b465ee728b)
Start importing Assets/YarnSpinner using Guid(ecd386d17f7784c71ab089701dd0a465) Importer(815301076,1909f56bfc062723c751e8b465ee728b)  -> (artifact id: '5ffebd1ca941b5672804178abf584ecd') in 0.011345 seconds
  Import took 0.013917 seconds .

========================================================================
Received Import Request.
  Time since last request: 0.000330 seconds.
  path: Assets/YarnSpinner/Editor
  artifactKey: Guid(c3b025f9df1834d5e91c6873ece463b1) Importer(815301076,1909f56bfc062723c751e8b465ee728b)
Start importing Assets/YarnSpinner/Editor using Guid(c3b025f9df1834d5e91c6873ece463b1) Importer(815301076,1909f56bfc062723c751e8b465ee728b)  -> (artifact id: 'c47b2d749c8dac6e150ece1692cd4c5e') in 0.008707 seconds
  Import took 0.011955 seconds .

========================================================================
Received Import Request.
  Time since last request: 0.005850 seconds.
  path: Assets/YarnSpinner/Editor
  artifactKey: Guid(c3b025f9df1834d5e91c6873ece463b1) Importer(815301076,1909f56bfc062723c751e8b465ee728b)
Start importing Assets/YarnSpinner/Editor using Guid(c3b025f9df1834d5e91c6873ece463b1) Importer(815301076,1909f56bfc062723c751e8b465ee728b)  -> (artifact id: 'c47b2d749c8dac6e150ece1692cd4c5e') in 0.002346 seconds
  Import took 0.005233 seconds .

========================================================================
Received Import Request.
  Time since last request: 1.575180 seconds.
  path: Assets/YarnSpinner/Runtime/YarnSpinner.Unity.asmdef
  artifactKey: Guid(34aa492b82754644eac2f903cd496268) Importer(815301076,1909f56bfc062723c751e8b465ee728b)
Start importing Assets/YarnSpinner/Runtime/YarnSpinner.Unity.asmdef using Guid(34aa492b82754644eac2f903cd496268) Importer(815301076,1909f56bfc062723c751e8b465ee728b)  -> (artifact id: 'b53b1e11b5f4d1aad29fa1133cc8b6cd') in 0.006716 seconds
  Import took 0.009171 seconds .

========================================================================
Received Import Request.
  Time since last request: 0.932907 seconds.
  path: Assets/YarnSpinner/Samples/YarnSpinner.Unity.Example.asmdef
  artifactKey: Guid(db8e58604c4fb46bb8eda3c6a3913a63) Importer(815301076,1909f56bfc062723c751e8b465ee728b)
Start importing Assets/YarnSpinner/Samples/YarnSpinner.Unity.Example.asmdef using Guid(db8e58604c4fb46bb8eda3c6a3913a63) Importer(815301076,1909f56bfc062723c751e8b465ee728b)  -> (artifact id: '0b78c6c3b75ce31295a02e18d2d9eaf6') in 0.006325 seconds
  Import took 0.008684 seconds .

========================================================================
Received Import Request.
  Time since last request: 2.318811 seconds.
  path: Assets/YarnSpinner/Tests/Editor/YarnSpinnerEditorTests.asmdef
  artifactKey: Guid(7ac06ab5f152f5044b042bb90157b8d1) Importer(815301076,1909f56bfc062723c751e8b465ee728b)
Start importing Assets/YarnSpinner/Tests/Editor/YarnSpinnerEditorTests.asmdef using Guid(7ac06ab5f152f5044b042bb90157b8d1) Importer(815301076,1909f56bfc062723c751e8b465ee728b)  -> (artifact id: '447a0d31978a36dfedebab17af14a8f4') in 0.006065 seconds
  Import took 0.008311 seconds .

========================================================================
Received Prepare
Registering precompiled user dll's ...
Registered in 0.009086 seconds.
Begin MonoManager ReloadAssembly
Native extension for WindowsStandalone target not found
Refreshing native plugins compatible for Editor in 0.35 ms, found 2 plugins.
Preloading 0 native plugins for Editor in 0.00 ms.
Mono: successfully reloaded assembly
- Completed reload, in  1.143 seconds
Platform modules already initialized, skipping
Refreshing native plugins compatible for Editor in 0.38 ms, found 2 plugins.
Preloading 0 native plugins for Editor in 0.00 ms.
Unloading 1407 Unused Serialized files (Serialized files now loaded: 0)
System memory in use before: 65.2 MB.
System memory in use after: 65.3 MB.

Unloading 29 unused Assets to reduce memory usage. Loaded Objects now: 1840.
Total: 2.012500 ms (FindLiveObjects: 0.132000 ms CreateObjectMapping: 0.041700 ms MarkObjects: 1.811100 ms  DeleteObjects: 0.026800 ms)

========================================================================
Received Import Request.
  Time since last request: 27.377971 seconds.
  path: Assets/YarnSpinner/Editor/YarnTranslationDrawer.cs
  artifactKey: Guid(6c5f5240cd0697045ba174ad1c67b916) Importer(815301076,1909f56bfc062723c751e8b465ee728b)
Start importing Assets/YarnSpinner/Editor/YarnTranslationDrawer.cs using Guid(6c5f5240cd0697045ba174ad1c67b916) Importer(815301076,1909f56bfc062723c751e8b465ee728b)  -> (artifact id: '6d2680ad5357cc9231263d6d938d1006') in 0.026272 seconds
  Import took 0.028751 seconds .

========================================================================
Received Import Request.
  Time since last request: 0.115686 seconds.
  path: Assets/YarnSpinner/Editor/YarnTranslationDrawer.cs
  artifactKey: Guid(6c5f5240cd0697045ba174ad1c67b916) Importer(815301076,1909f56bfc062723c751e8b465ee728b)
Start importing Assets/YarnSpinner/Editor/YarnTranslationDrawer.cs using Guid(6c5f5240cd0697045ba174ad1c67b916) Importer(815301076,1909f56bfc062723c751e8b465ee728b)  -> (artifact id: '6d2680ad5357cc9231263d6d938d1006') in 0.002537 seconds
  Import took 0.004804 seconds .

========================================================================
Received Import Request.
  Time since last request: 0.319337 seconds.
  path: Assets/YarnSpinner/Editor/YarnSpinnerTests.cs
  artifactKey: Guid(94bf39264b6f54b568c206015ec58730) Importer(815301076,1909f56bfc062723c751e8b465ee728b)
Start importing Assets/YarnSpinner/Editor/YarnSpinnerTests.cs using Guid(94bf39264b6f54b568c206015ec58730) Importer(815301076,1909f56bfc062723c751e8b465ee728b)  -> (artifact id: '255b1705103b2f6dce39b1d342f3eaf5') in 0.006426 seconds
  Import took 0.008873 seconds .

========================================================================
Received Import Request.
  Time since last request: 1.159236 seconds.
  path: Assets/YarnSpinner/Editor/YarnSpinnerEditorWindow.cs
  artifactKey: Guid(c33704ffe872549c2b5218ec0b09e8d4) Importer(815301076,1909f56bfc062723c751e8b465ee728b)
Start importing Assets/YarnSpinner/Editor/YarnSpinnerEditorWindow.cs using Guid(c33704ffe872549c2b5218ec0b09e8d4) Importer(815301076,1909f56bfc062723c751e8b465ee728b)  -> (artifact id: 'b8067abb3765294569959cd754b2cdca') in 0.007768 seconds
  Import took 0.010172 seconds .

========================================================================
Received Import Request.
  Time since last request: 1.237190 seconds.
  path: Assets/YarnSpinner/Editor/YarnImporterEditor.cs
  artifactKey: Guid(86e7a1afcf36f2847b546e40c89ce697) Importer(815301076,1909f56bfc062723c751e8b465ee728b)
Start importing Assets/YarnSpinner/Editor/YarnImporterEditor.cs using Guid(86e7a1afcf36f2847b546e40c89ce697) Importer(815301076,1909f56bfc062723c751e8b465ee728b)  -> (artifact id: 'ed6f88efb2a4aa05ba81e53022fdac40') in 0.006649 seconds
  Import took 0.009168 seconds .

========================================================================
Received Import Request.
  Time since last request: 0.512378 seconds.
  path: Assets/YarnSpinner/Editor/YarnProgramEditor.cs
  artifactKey: Guid(76b0f75fe69847346ad55b49ea4197ea) Importer(815301076,1909f56bfc062723c751e8b465ee728b)
Start importing Assets/YarnSpinner/Editor/YarnProgramEditor.cs using Guid(76b0f75fe69847346ad55b49ea4197ea) Importer(815301076,1909f56bfc062723c751e8b465ee728b)  -> (artifact id: 'e6db904c7f44be5ade91bdbaf2443651') in 0.008381 seconds
  Import took 0.011113 seconds .

========================================================================
Received Import Request.
  Time since last request: 1.116678 seconds.
  path: Assets/YarnSpinner/Editor/YarnEditorUtility.cs
  artifactKey: Guid(9d9a462ef0480497085e70c75081cf1b) Importer(815301076,1909f56bfc062723c751e8b465ee728b)
Start importing Assets/YarnSpinner/Editor/YarnEditorUtility.cs using Guid(9d9a462ef0480497085e70c75081cf1b) Importer(815301076,1909f56bfc062723c751e8b465ee728b)  -> (artifact id: 'ba85f34d99900885344378214fd228fd') in 0.007254 seconds
  Import took 0.009863 seconds .

========================================================================
Received Import Request.
  Time since last request: 0.547392 seconds.
  path: Assets/YarnSpinner/Editor/YarnImporter.cs
  artifactKey: Guid(94073015eacc34c1d8fc6786e43d60ca) Importer(815301076,1909f56bfc062723c751e8b465ee728b)
Start importing Assets/YarnSpinner/Editor/YarnImporter.cs using Guid(94073015eacc34c1d8fc6786e43d60ca) Importer(815301076,1909f56bfc062723c751e8b465ee728b)  -> (artifact id: '5fcc71039a72b94c8db085c165d30b90') in 0.006291 seconds
  Import took 0.008844 seconds .

========================================================================
Received Import Request.
  Time since last request: 4.825286 seconds.
  path: Assets/YarnSpinner/Runtime/Prefabs/Dialogue.prefab
  artifactKey: Guid(4ec3df5875e7347beb6176b545b8fb39) Importer(815301076,1909f56bfc062723c751e8b465ee728b)
Start importing Assets/YarnSpinner/Runtime/Prefabs/Dialogue.prefab using Guid(4ec3df5875e7347beb6176b545b8fb39) Importer(815301076,1909f56bfc062723c751e8b465ee728b)  -> (artifact id: '89e39028592c94178fc3a951c5957571') in 0.102195 seconds
  Import took 0.117231 seconds .

========================================================================
Received Prepare
Registering precompiled user dll's ...
Registered in 0.011224 seconds.
Begin MonoManager ReloadAssembly
Native extension for WindowsStandalone target not found
Refreshing native plugins compatible for Editor in 0.38 ms, found 2 plugins.
Preloading 0 native plugins for Editor in 0.00 ms.
Mono: successfully reloaded assembly
- Completed reload, in  1.113 seconds
Platform modules already initialized, skipping
Refreshing native plugins compatible for Editor in 0.43 ms, found 2 plugins.
Preloading 0 native plugins for Editor in 0.00 ms.
Unloading 1482 Unused Serialized files (Serialized files now loaded: 0)
System memory in use before: 67.2 MB.
System memory in use after: 67.3 MB.

Unloading 24 unused Assets to reduce memory usage. Loaded Objects now: 1920.
Total: 2.688800 ms (FindLiveObjects: 0.267800 ms CreateObjectMapping: 0.143800 ms MarkObjects: 2.206800 ms  DeleteObjects: 0.068900 ms)

========================================================================
Received Import Request.
  Time since last request: 60.332463 seconds.
  path: Assets/Plugins
  artifactKey: Guid(adea3266083efb14ba3c3622ac718958) Importer(815301076,1909f56bfc062723c751e8b465ee728b)
Start importing Assets/Plugins using Guid(adea3266083efb14ba3c3622ac718958) Importer(815301076,1909f56bfc062723c751e8b465ee728b)  -> (artifact id: '26b4b07233e390c27afe77e9ba9d6ab3') in 0.010205 seconds
  Import took 0.012951 seconds .

========================================================================
Received Import Request.
  Time since last request: 0.000648 seconds.
  path: Assets/Plugins
  artifactKey: Guid(adea3266083efb14ba3c3622ac718958) Importer(815301076,1909f56bfc062723c751e8b465ee728b)
Start importing Assets/Plugins using Guid(adea3266083efb14ba3c3622ac718958) Importer(815301076,1909f56bfc062723c751e8b465ee728b)  -> (artifact id: '26b4b07233e390c27afe77e9ba9d6ab3') in 0.002768 seconds
  Import took 0.005436 seconds .

========================================================================
Received Import Request.
  Time since last request: 4.471794 seconds.
  path: Assets/Plugins/Febucci
  artifactKey: Guid(4803d8e68968d544c8b449e7b7bb69c4) Importer(815301076,1909f56bfc062723c751e8b465ee728b)
Start importing Assets/Plugins/Febucci using Guid(4803d8e68968d544c8b449e7b7bb69c4) Importer(815301076,1909f56bfc062723c751e8b465ee728b)  -> (artifact id: 'cd661a97e2503702cd5699487ae6d7d1') in 0.008706 seconds
  Import took 0.011068 seconds .

AssetImportWorkerClient::OnTransportError - code=2 error=End of file
